<?xml version="1.0" encoding="UTF-8"?>
<!-- Generated by org.testng.reporters.JUnitReportReporter -->
<testsuite hostname="DESKTOP-UR8BQH2" failures="0" tests="1" name="qaclickacademy.TC3Test" time="46.287" errors="0" timestamp="30 May 2021 10:22:05 GMT">
  <testcase classname="qaclickacademy.TC3Test" name="Testcase3" time="46.287"/>
</testsuite> <!-- qaclickacademy.TC3Test -->
