<?xml version="1.0" encoding="UTF-8"?>
<!-- Generated by org.testng.reporters.JUnitReportReporter -->
<testsuite hostname="DESKTOP-UR8BQH2" failures="0" tests="1" name="qaclickacademy.TC1Test" time="37.165" errors="0" timestamp="30 May 2021 06:53:46 GMT">
  <testcase classname="qaclickacademy.TC1Test" name="Testcase1" time="37.165"/>
</testsuite> <!-- qaclickacademy.TC1Test -->
