<?xml version="1.0" encoding="UTF-8"?>
<!-- Generated by org.testng.reporters.JUnitReportReporter -->
<testsuite hostname="DESKTOP-UR8BQH2" failures="0" tests="1" name="qaclickacademy.TC2Test" time="40.588" errors="0" timestamp="30 May 2021 06:53:46 GMT">
  <testcase classname="qaclickacademy.TC2Test" name="Testcase2" time="40.588"/>
</testsuite> <!-- qaclickacademy.TC2Test -->
